{"timestamp":"2026-02-27T05:08:19.381685Z","level":"info","event":"DAG bundles loaded: dags-folder, example_dags","logger":"airflow.dag_processing.bundles.manager.DagBundlesManager","filename":"manager.py","lineno":179}
{"timestamp":"2026-02-27T05:08:19.383191Z","level":"info","event":"Filling up the DagBag from /home/lap-48/Documents/projects/airflow/dags/crypto_pipeline.py","logger":"airflow.models.dagbag.BundleDagBag","filename":"dagbag.py","lineno":593}
{"timestamp":"2026-02-27T05:08:19.540715Z","level":"info","event":"Task instance is in running state","logger":"task.stdout"}
{"timestamp":"2026-02-27T05:08:19.540961Z","level":"info","event":" Previous state of the Task instance: TaskInstanceState.QUEUED","logger":"task.stdout"}
{"timestamp":"2026-02-27T05:08:19.541303Z","level":"info","event":"Current task name:transform_data","logger":"task.stdout"}
{"timestamp":"2026-02-27T05:08:19.541465Z","level":"info","event":"Dag name:crypto_pipeline","logger":"task.stdout"}
{"timestamp":"2026-02-27T05:08:19.543902Z","level":"info","event":"Pulling data from XCom","logger":"include.crypto.transform","filename":"transform.py","lineno":61}
{"timestamp":"2026-02-27T05:08:19.564781Z","level":"info","event":"Starting cleaning & normalization","logger":"include.crypto.transform","filename":"transform.py","lineno":10}
{"timestamp":"2026-02-27T05:08:19.570472Z","level":"info","event":"Initial shape: (50, 26)","logger":"include.crypto.transform","filename":"transform.py","lineno":13}
{"timestamp":"2026-02-27T05:08:19.576719Z","level":"info","event":"Shape after cleaning: (50, 26)","logger":"include.crypto.transform","filename":"transform.py","lineno":20}
{"timestamp":"2026-02-27T05:08:19.582667Z","level":"info","event":"Coins table shape: (50, 3)","logger":"include.crypto.transform","filename":"transform.py","lineno":49}
{"timestamp":"2026-02-27T05:08:19.583002Z","level":"info","event":"Prices table shape: (50, 3)","logger":"include.crypto.transform","filename":"transform.py","lineno":50}
{"timestamp":"2026-02-27T05:08:19.583267Z","level":"info","event":"Market table shape: (50, 4)","logger":"include.crypto.transform","filename":"transform.py","lineno":51}
{"timestamp":"2026-02-27T05:08:19.583469Z","level":"info","event":"Transformation completed ","logger":"include.crypto.transform","filename":"transform.py","lineno":53}
{"timestamp":"2026-02-27T05:08:19.717481Z","level":"info","event":"Data pushed to XCom successfully","logger":"include.crypto.transform","filename":"transform.py","lineno":78}
{"timestamp":"2026-02-27T05:08:19.718603Z","level":"info","event":"Done. Returned value was: None","logger":"airflow.task.operators.airflow.providers.standard.operators.python.PythonOperator","filename":"python.py","lineno":230}
{"timestamp":"2026-02-27T05:08:19.755022Z","level":"info","event":"Task instance in success state","logger":"task.stdout"}
{"timestamp":"2026-02-27T05:08:19.755365Z","level":"info","event":" Previous state of the Task instance: TaskInstanceState.RUNNING","logger":"task.stdout"}
{"timestamp":"2026-02-27T05:08:19.755917Z","level":"info","event":"Task operator:<Task(PythonOperator): transform_data>","logger":"task.stdout"}
{"timestamp":"2026-02-27T05:34:02.805576Z","level":"info","event":"DAG bundles loaded: dags-folder, example_dags","logger":"airflow.dag_processing.bundles.manager.DagBundlesManager","filename":"manager.py","lineno":179}
{"timestamp":"2026-02-27T05:34:02.806741Z","level":"info","event":"Filling up the DagBag from /home/lap-48/Documents/projects/airflow/dags/crypto_pipeline.py","logger":"airflow.models.dagbag.BundleDagBag","filename":"dagbag.py","lineno":593}
{"timestamp":"2026-02-27T05:34:02.923353Z","level":"info","event":"Task instance is in running state","logger":"task.stdout"}
{"timestamp":"2026-02-27T05:34:02.923522Z","level":"info","event":" Previous state of the Task instance: TaskInstanceState.QUEUED","logger":"task.stdout"}
{"timestamp":"2026-02-27T05:34:02.923784Z","level":"info","event":"Current task name:transform_data","logger":"task.stdout"}
{"timestamp":"2026-02-27T05:34:02.923885Z","level":"info","event":"Dag name:crypto_pipeline","logger":"task.stdout"}
{"timestamp":"2026-02-27T05:34:02.926353Z","level":"info","event":"Pulling data from XCom","logger":"include.crypto.transform","filename":"transform.py","lineno":61}
{"timestamp":"2026-02-27T05:34:02.953514Z","level":"info","event":"Starting cleaning & normalization","logger":"include.crypto.transform","filename":"transform.py","lineno":10}
{"timestamp":"2026-02-27T05:34:02.958383Z","level":"info","event":"Initial shape: (50, 26)","logger":"include.crypto.transform","filename":"transform.py","lineno":13}
{"timestamp":"2026-02-27T05:34:02.965148Z","level":"info","event":"Shape after cleaning: (50, 26)","logger":"include.crypto.transform","filename":"transform.py","lineno":20}
{"timestamp":"2026-02-27T05:34:02.972596Z","level":"info","event":"Coins table shape: (50, 3)","logger":"include.crypto.transform","filename":"transform.py","lineno":49}
{"timestamp":"2026-02-27T05:34:02.972848Z","level":"info","event":"Prices table shape: (50, 3)","logger":"include.crypto.transform","filename":"transform.py","lineno":50}
{"timestamp":"2026-02-27T05:34:02.973070Z","level":"info","event":"Market table shape: (50, 4)","logger":"include.crypto.transform","filename":"transform.py","lineno":51}
{"timestamp":"2026-02-27T05:34:02.973229Z","level":"info","event":"Transformation completed ","logger":"include.crypto.transform","filename":"transform.py","lineno":53}
{"timestamp":"2026-02-27T05:34:03.070491Z","level":"info","event":"Data pushed to XCom successfully","logger":"include.crypto.transform","filename":"transform.py","lineno":78}
{"timestamp":"2026-02-27T05:34:03.071823Z","level":"info","event":"Done. Returned value was: None","logger":"airflow.task.operators.airflow.providers.standard.operators.python.PythonOperator","filename":"python.py","lineno":230}
{"timestamp":"2026-02-27T05:34:03.117734Z","level":"info","event":"Task instance in success state","logger":"task.stdout"}
{"timestamp":"2026-02-27T05:34:03.118227Z","level":"info","event":" Previous state of the Task instance: TaskInstanceState.RUNNING","logger":"task.stdout"}
{"timestamp":"2026-02-27T05:34:03.118727Z","level":"info","event":"Task operator:<Task(PythonOperator): transform_data>","logger":"task.stdout"}
